2026-02-01 22:05:30,198 [INFO] app: Bot startup successful CHAT_ID is 1112758836
2026-02-01 22:10:35,443 [INFO] app: Bot startup successful CHAT_ID is 1112758836
2026-02-01 22:28:49,733 [INFO] app: Bot startup successful CHAT_ID is 1112758836
2026-02-01 22:44:53,225 [INFO] app: Bot startup successful CHAT_ID is 1112758836
2026-02-01 22:56:58,087 [INFO] app: Bot startup successful CHAT_ID is 1112758836
2026-02-01 22:57:29,923 [INFO] app.middleware: Payload: username=admin&password="*******"
2026-03-22 11:00:44,227 [INFO] app.middleware: Payload: username=admin&password="*******"
2026-03-22 11:01:37,009 [INFO] app.middleware: Payload: {"review_text":"Тестовый отзыв для проверки работы формы","name":"Тест Имя","company":"Тестовая компания ООО","phone":"+79991234567","email":"test@example.com"}
2026-03-22 11:01:37,044 [INFO] app.crud: New review (Review ID: 1) successfully added.
2026-03-22 11:02:28,581 [INFO] app.middleware: Payload: username=admin&password="*******"
2026-03-22 11:02:37,111 [ERROR] app: Failed to send notification for application 1: HTTP Client says - ClientConnectorError: Cannot connect to host api.telegram.org:443 ssl:default [None]
2026-03-22 11:03:03,383 [INFO] app.middleware: Payload: {"description":"Тестовое описание задачи для проверки формы","name":"Тест Имя","company":"Тестовая компания ООО","phone":"+79991234567","email":"test@example.com"}
2026-03-22 11:03:13,954 [INFO] app.middleware: Payload: {"description":"Тестовое описание задачи для проверки формы","name":"Тест Имя","company":"Тестовая компания ООО","phone":"+79991234567","email":"test@example.com"}
2026-03-22 11:03:43,323 [INFO] app.middleware: Payload: {"description":"Тестовое описание задачи","name":"Тест Имя","company":"Тестовая компания ООО","phone":"+79991234567","email":"test@example.com"}
2026-03-22 11:04:15,598 [INFO] app.middleware: Payload: {"review_text":"Тестовый отзыв для проверки работы формы","name":"Тест Имя","company":"Тестовая компания ООО","phone":"+79991234567","email":"test@example.com"}
2026-03-22 11:04:15,620 [INFO] app.crud: New review (Review ID: 2) successfully added.
2026-03-22 11:05:15,680 [ERROR] app: Failed to send notification for application 2: HTTP Client says - ClientConnectorError: Cannot connect to host api.telegram.org:443 ssl:default [None]
2026-03-22 11:08:44,307 [INFO] app.main: get root is OK
2026-03-22 11:09:16,227 [INFO] app.middleware: Payload: username=admin&password="*******"
2026-03-22 11:11:01,587 [INFO] app.middleware: Payload: {"description":"Тестовое описание задачи для проверки формы","name":"Тест Имя","company":"Тестовая компания ООО","phone":"+79991234567","email":"test@example.com"}
2026-03-22 11:12:05,624 [INFO] app.middleware: Payload: {"description":"Тестовое описание задачи для проверки формы","name":"Тест Имя","company":"Тестовая компания ООО","phone":"+79991234567","email":"test@example.com"}
2026-03-22 11:17:37,328 [INFO] app.middleware: Payload: {"description":"Тестовое описание задачи для проверки формы","name":"Тест Имя","company":"Тестовая компания ООО","phone":"+79991234567","email":"test@example.com"}
2026-03-22 11:18:51,205 [INFO] app.middleware: Payload: {
  "email": "user@example.com",
  "company": "string",
  "phone": "string",
  "description": "string"
}
2026-03-22 11:18:51,259 [INFO] app.crud: New application (Lead ID: 1) successfully added to DB.
2026-03-22 11:19:51,324 [ERROR] app: Failed to send notification for application 1: HTTP Client says - ClientConnectorError: Cannot connect to host api.telegram.org:443 ssl:default [None]
2026-03-22 11:20:01,513 [INFO] app.middleware: Payload: {"description":"Тестовое описание задачи для проверки формы","name":"Тест Имя","company":"Тестовая компания ООО","phone":"+79991234567","email":"test@example.com"}
2026-03-22 11:21:29,190 [INFO] app.middleware: Payload: {"description":"Тестовое описание задачи для проверки формы","name":"Тест Имя","company":"Тестовая компания ООО","phone":"+79991234567","email":"test@example.com"}
2026-03-22 11:21:29,214 [INFO] app.crud: New application (Lead ID: 2) successfully added to DB.
2026-03-22 11:21:53,331 [INFO] app.middleware: Payload: username=admin&password="*******"
2026-03-22 11:22:22,281 [INFO] app.middleware: Payload: {"description":"Тестовое описание задачи","name":"Тест Имя","company":"Тестовая компания ООО","phone":"+79991234567","email":"test@example.com"}
2026-03-22 11:22:22,301 [INFO] app.crud: New application (Lead ID: 3) successfully added to DB.
2026-03-22 11:22:29,272 [ERROR] app: Failed to send notification for application 2: HTTP Client says - ClientConnectorError: Cannot connect to host api.telegram.org:443 ssl:default [None]
2026-03-22 11:23:22,362 [ERROR] app: Failed to send notification for application 3: HTTP Client says - ClientConnectorError: Cannot connect to host api.telegram.org:443 ssl:default [None]
2026-03-22 11:34:53,754 [INFO] app.middleware: Payload: {"description":"Тестовое описание задачи для проверки формы","name":"Тест Имя","company":"Тестовая компания ООО","phone":"+79991234567","email":"test@example.com"}
2026-03-22 11:34:53,767 [INFO] app.crud: New application (Lead ID: 1) successfully added to DB.
2026-03-22 11:34:53,980 [INFO] app: Notice for application 1 successfully sent to Telegram.
2026-03-22 11:36:21,273 [INFO] app.middleware: Payload: {"review_text":"Тестовый отзыв для проверки работы формы","name":"Тест Имя","company":"Тестовая компания ООО","phone":"+79991234567","email":"test@example.com"}
2026-03-22 11:36:21,299 [INFO] app.crud: New review (Review ID: 1) successfully added.
2026-03-22 11:36:21,600 [INFO] app: Notice for review 1 successfully sent to Telegram.
2026-03-22 11:37:48,052 [INFO] app.middleware: Payload: {"description":"Тестовое описание задачи","name":"Тест Имя","company":"Тестовая компания ООО","phone":"+79991234567","email":"test@example.com"}
2026-03-22 11:37:48,067 [INFO] app.crud: New application (Lead ID: 2) successfully added to DB.
2026-03-22 11:37:48,281 [INFO] app: Notice for application 2 successfully sent to Telegram.
2026-03-22 11:38:55,571 [INFO] app.middleware: Payload: {"description":"Тестовое описание задачи для проверки формы","name":"Тест Имя","company":"Тестовая компания ООО","phone":"+79991234567","email":"test@example.com"}
2026-03-22 11:38:55,714 [INFO] app.crud: New application (Lead ID: 3) successfully added to DB.
2026-03-22 12:16:10,956 [INFO] app.middleware: Payload: {"description":"Тестовое описание задачи для проверки формы","name":"Тест Имя","company":"Тестовая компания ООО","phone":"+79991234567","email":"test@example.com"}
2026-03-22 12:16:10,988 [INFO] app.crud: New application (Lead ID: 4) successfully added to DB.
2026-03-22 12:16:11,301 [INFO] app: Notice for application 4 successfully sent to Telegram.
2026-03-22 12:16:21,855 [INFO] app.middleware: Payload: {"description":"Тестовое описание задачи","name":"Тест Имя","company":"Тестовая компания ООО","phone":"+79991234567","email":"test@example.com"}
2026-03-22 12:16:21,876 [INFO] app.crud: New application (Lead ID: 5) successfully added to DB.
2026-03-22 12:16:21,964 [INFO] app: Notice for application 5 successfully sent to Telegram.
2026-03-22 12:16:40,239 [INFO] app.middleware: Payload: {"review_text":"Тестовый отзыв для проверки работы формы","name":"Тест Имя","company":"Тестовая компания ООО","phone":"+79991234567","email":"test@example.com"}
2026-03-22 12:16:40,267 [INFO] app.crud: New review (Review ID: 2) successfully added.
2026-03-22 12:16:40,464 [INFO] app: Notice for review 2 successfully sent to Telegram.
2026-03-22 12:17:52,951 [INFO] app.middleware: Payload: username=admin&password="*******"
2026-03-22 12:18:35,215 [INFO] app.middleware: Payload: {"review_text":"Тестовый отзыв для проверки работы формы","name":"Тест Имя","company":"Тестовая компания ООО","phone":"+79991234567","email":"test@example.com"}
2026-03-22 12:18:35,228 [INFO] app.crud: New review (Review ID: 1) successfully added.
2026-03-22 12:18:35,434 [INFO] app: Notice for review 1 successfully sent to Telegram.
2026-03-22 12:22:11,974 [INFO] app.crud: List of published reviews received: 0 (skip=0, limit=100).
2026-03-22 12:22:19,467 [INFO] app.crud: List of published reviews received: 0 (skip=0, limit=100).
2026-03-22 12:22:26,052 [INFO] app.crud: List of published reviews received: 0 (skip=0, limit=100).
2026-03-22 12:22:46,361 [INFO] app.crud: List of published reviews received: 0 (skip=0, limit=100).
2026-03-22 12:26:12,274 [INFO] app.middleware: Payload: username=admin&password="*******"
2026-03-22 12:26:20,382 [INFO] app.middleware: Payload: {"review_text":"Тестовый отзыв для проверки работы формы","name":"Тест Имя","company":"Тестовая компания ООО","phone":"+79991234567","email":"test@example.com"}
2026-03-22 12:26:20,419 [INFO] app.crud: New review (Review ID: 1) successfully added.
2026-03-22 12:26:20,798 [INFO] app: Notice for review 1 successfully sent to Telegram.
2026-03-22 12:32:02,455 [INFO] app.crud: List of published reviews received: 0 (skip=0, limit=100).
2026-03-22 12:42:05,880 [INFO] app.crud: List of published reviews received: 0 (skip=0, limit=100).
2026-03-22 12:42:53,631 [INFO] app.middleware: Payload: {"review_text":"Тестовый отзыв для проверки работы формы","name":"Тест Имя","company":"Тестовая компания ООО","phone":"+79991234567","email":"test@example.com"}
2026-03-22 12:42:53,651 [INFO] app.crud: New review (Review ID: 2) successfully added.
2026-03-22 12:42:53,958 [INFO] app: Notice for review 2 successfully sent to Telegram.
2026-03-22 12:43:07,379 [INFO] app.middleware: Payload: username=admin&password="*******"
2026-03-22 12:45:12,539 [INFO] app.crud: List of published reviews received: 0 (skip=0, limit=100).
2026-03-22 12:45:22,699 [INFO] app.crud: List of published reviews received: 0 (skip=0, limit=100).
2026-03-22 12:46:42,969 [INFO] app.middleware: Payload: {"review_text":"Тестовый отзыв для проверки работы формы","name":"Тест Имя","company":"Тестовая компания ООО","phone":"+79991234567","email":"test@example.com"}
2026-03-22 12:46:42,995 [INFO] app.crud: New review (Review ID: 1) successfully added.
2026-03-22 12:46:43,384 [INFO] app: Notice for review 1 successfully sent to Telegram.
2026-03-22 12:46:44,396 [INFO] app.crud: List of published reviews received: 0 (skip=0, limit=100).
2026-03-22 12:46:52,820 [INFO] app.middleware: Payload: username=admin&password="*******"
2026-03-22 12:46:59,240 [INFO] app.middleware: Payload: ------geckoformboundaryca542043df907887b8d27a386f90ba8
Content-Disposition: form-data; name="name"

Тест Имя
------geckoformboundaryca542043df907887b8d27a386f90ba8
Content-Disposition: form-data; name="company"

Тестовая компания ООО
------geckoformboundaryca542043df907887b8d27a386f90ba8
Content-Disposition: form-data; name="phone"

+79991234567
------geckoformboundaryca542043df907887b8d27a386f90ba8
Content-Disposition: form-data; name="review_text"

Тестовый отзыв для проверки работы формы
------geckoformboundaryca542043df907887b8d27a386f90ba8
Content-Disposition: form-data; name="is_published"

y
------geckoformboundaryca542043df907887b8d27a386f90ba8
Content-Disposition: form-data; name="created_at"

2026-03-22 12:46:42
------geckoformboundaryca542043df907887b8d27a386f90ba8
Content-Disposition: form-data; name="save"

Save
------geckoformboundaryca542043df907887b8d27a386f90ba8--

2026-03-22 12:47:02,124 [INFO] app.crud: List of published reviews received: 1 (skip=0, limit=100).
2026-03-22 12:47:40,396 [INFO] app.middleware: Payload: {"review_text":"Тестовый отзыв для проверки работы формы","name":"Тест Имя","company":"Тестовая компания ООО","phone":"+79991234567","email":"test@example.com"}
2026-03-22 12:47:40,416 [INFO] app.crud: New review (Review ID: 2) successfully added.
2026-03-22 12:47:41,644 [INFO] app: Notice for review 2 successfully sent to Telegram.
2026-03-22 12:47:44,805 [INFO] app.crud: List of published reviews received: 1 (skip=0, limit=100).
2026-03-22 12:47:57,282 [INFO] app.middleware: Payload: ------geckoformboundaryfc2125dee714c62a6eae633b3cd7c824
Content-Disposition: form-data; name="name"

Тест Имя 2
------geckoformboundaryfc2125dee714c62a6eae633b3cd7c824
Content-Disposition: form-data; name="company"

Тестовая компания ООО
------geckoformboundaryfc2125dee714c62a6eae633b3cd7c824
Content-Disposition: form-data; name="phone"

+79991234567
------geckoformboundaryfc2125dee714c62a6eae633b3cd7c824
Content-Disposition: form-data; name="review_text"

Тестовый отзыв для проверки работы формы
------geckoformboundaryfc2125dee714c62a6eae633b3cd7c824
Content-Disposition: form-data; name="is_published"

y
------geckoformboundaryfc2125dee714c62a6eae633b3cd7c824
Content-Disposition: form-data; name="created_at"

2026-03-22 12:47:40
------geckoformboundaryfc2125dee714c62a6eae633b3cd7c824
Content-Disposition: form-data; name="save"

Save
------geckoformboundaryfc2125dee714c62a6eae633b3cd7c824--

2026-03-22 12:48:00,841 [INFO] app.crud: List of published reviews received: 2 (skip=0, limit=100).
2026-03-22 12:48:55,854 [INFO] app.middleware: Payload: {"review_text":"Тестовый отзыв для проверки работы формы","name":"Тест Имя3","company":"Тестовая компания ООО","phone":"+79991234567","email":"test@example.com"}
2026-03-22 12:48:55,873 [INFO] app.crud: New review (Review ID: 3) successfully added.
2026-03-22 12:48:56,063 [INFO] app: Notice for review 3 successfully sent to Telegram.
2026-03-22 12:48:57,388 [INFO] app.crud: List of published reviews received: 2 (skip=0, limit=100).
2026-03-22 12:49:08,723 [INFO] app.middleware: Payload: ------geckoformboundaryb6697aa2cd9a85594eb143089c892884
Content-Disposition: form-data; name="name"

Тест Имя 3
------geckoformboundaryb6697aa2cd9a85594eb143089c892884
Content-Disposition: form-data; name="company"

Тестовая компания ООО
------geckoformboundaryb6697aa2cd9a85594eb143089c892884
Content-Disposition: form-data; name="phone"

+79991234567
------geckoformboundaryb6697aa2cd9a85594eb143089c892884
Content-Disposition: form-data; name="review_text"

Тестовый отзыв для проверки работы формы
------geckoformboundaryb6697aa2cd9a85594eb143089c892884
Content-Disposition: form-data; name="is_published"

y
------geckoformboundaryb6697aa2cd9a85594eb143089c892884
Content-Disposition: form-data; name="created_at"

2026-03-22 12:48:55
------geckoformboundaryb6697aa2cd9a85594eb143089c892884
Content-Disposition: form-data; name="save"

Save
------geckoformboundaryb6697aa2cd9a85594eb143089c892884--

2026-03-22 12:49:12,452 [INFO] app.crud: List of published reviews received: 3 (skip=0, limit=100).
2026-03-22 12:51:01,615 [INFO] app.crud: List of published reviews received: 3 (skip=0, limit=100).
2026-03-22 12:55:14,284 [INFO] app.middleware: Payload: {"description":"Тестовое описание задачи для проверки формы","name":"Тест Имя","company":"Тестовая компания ООО","phone":"+79991234567","email":"test@example.com"}
2026-03-22 12:55:14,402 [INFO] app.crud: New application (Lead ID: 1) successfully added to DB.
2026-03-22 12:55:14,701 [INFO] app: Notice for application 1 successfully sent to Telegram.
2026-03-22 12:55:21,627 [INFO] app.middleware: Payload: username=admin&password="*******"
